<?xml version="1.0" encoding="utf-8"?><testsuites name="pytest tests"><testsuite name="pytest" errors="0" failures="0" skipped="0" tests="24" time="3.104" timestamp="2026-05-13T07:00:15.162304+00:00" hostname="agent-env-620c161f-c532-4f6d-a862-c3ad3e4778bd"><testcase classname="backend.tests.test_tirthride_api" name="test_send_otp_returns_dev_otp" time="0.217" /><testcase classname="backend.tests.test_tirthride_api" name="test_admin_role_blocks_non_admin_phone" time="0.068" /><testcase classname="backend.tests.test_tirthride_api" name="test_verify_creates_users" time="0.421" /><testcase classname="backend.tests.test_tirthride_api" name="test_admin_seeded_login" time="0.000" /><testcase classname="backend.tests.test_tirthride_api" name="test_me_endpoint" time="0.070" /><testcase classname="backend.tests.test_tirthride_api" name="test_get_fare_config" time="0.071" /><testcase classname="backend.tests.test_tirthride_api" name="test_admin_update_fare" time="0.147" /><testcase classname="backend.tests.test_tirthride_api" name="test_passenger_cannot_access_admin" time="0.072" /><testcase classname="backend.tests.test_tirthride_api" name="test_driver_online_blocked_without_approval" time="0.072" /><testcase classname="backend.tests.test_tirthride_api" name="test_driver_kyc_submit" time="0.073" /><testcase classname="backend.tests.test_tirthride_api" name="test_admin_approves_driver" time="0.142" /><testcase classname="backend.tests.test_tirthride_api" name="test_driver_online_after_approval" time="0.070" /><testcase classname="backend.tests.test_tirthride_api" name="test_create_ride" time="0.089" /><testcase classname="backend.tests.test_tirthride_api" name="test_create_scheduled_ride" time="0.070" /><testcase classname="backend.tests.test_tirthride_api" name="test_incoming_rides" time="0.071" /><testcase classname="backend.tests.test_tirthride_api" name="test_accept_ride" time="0.075" /><testcase classname="backend.tests.test_tirthride_api" name="test_verify_pin" time="0.140" /><testcase classname="backend.tests.test_tirthride_api" name="test_complete_ride" time="0.147" /><testcase classname="backend.tests.test_tirthride_api" name="test_cancel_with_reason" time="0.210" /><testcase classname="backend.tests.test_tirthride_api" name="test_admin_audit" time="0.031" /><testcase classname="backend.tests.test_tirthride_api" name="test_suggestions_flow" time="0.367" /><testcase classname="backend.tests.test_tirthride_api" name="test_withdraw" time="0.221" /><testcase classname="backend.tests.test_tirthride_api" name="test_admin_dashboard" time="0.072" /><testcase classname="backend.tests.test_tirthride_api" name="test_rides_mine" time="0.096" /></testsuite></testsuites>